2023/12/26 12:22:28 Server is running on :5050
2023/12/26 12:39:10 Server is running on :5050
::1 - - [26/Dec/2023:12:39:18 +0300] "GET /posts HTTP/1.1" 200 5
::1 - - [26/Dec/2023:12:41:47 +0300] "GET /posts HTTP/1.1" 200 5
2023/12/26 12:48:46 Server is running on :5050
2023/12/26 12:48:53 Shutting down the server...
2023/12/26 12:48:53 Server has been shut down.
2023/12/26 12:56:21 Server is running on :5050
::1 - - [26/Dec/2023:12:57:12 +0300] "POST /posts HTTP/1.1" 200 51
::1 - - [26/Dec/2023:12:58:39 +0300] "GET /posts HTTP/1.1" 200 53
::1 - - [26/Dec/2023:13:01:10 +0300] "GET /profile HTTP/1.1" 200 12
::1 - - [26/Dec/2023:13:09:05 +0300] "GET /profile HTTP/1.1" 200 12
2023/12/26 13:09:16 Shutting down the server...
2023/12/26 13:09:16 Server has been shut down.
2023/12/26 13:09:19 Server is running on :5050
::1 - - [26/Dec/2023:13:09:36 +0300] "POST /profile HTTP/1.1" 200 12
::1 - - [26/Dec/2023:13:09:52 +0300] "GET /profile HTTP/1.1" 200 12
::1 - - [26/Dec/2023:13:12:11 +0300] "POST /profile HTTP/1.1" 200 12
2023/12/26 13:12:43 Shutting down the server...
2023/12/26 13:12:43 Server has been shut down.
2023/12/26 13:12:46 Server is running on :5050
::1 - - [26/Dec/2023:13:12:51 +0300] "POST /profile HTTP/1.1" 200 12
::1 - - [26/Dec/2023:13:12:55 +0300] "POST /profile HTTP/1.1" 200 12
2023/12/26 13:14:04 Shutting down the server...
2023/12/26 13:14:04 Server has been shut down.
2023/12/26 13:14:07 Server is running on :5050
::1 - - [26/Dec/2023:13:14:12 +0300] "POST /profile/create HTTP/1.1" 200 12
::1 - - [26/Dec/2023:13:14:15 +0300] "POST /profile/create HTTP/1.1" 200 12
::1 - - [26/Dec/2023:13:14:32 +0300] "POST /profile/create HTTP/1.1" 200 12
2023/12/26 13:14:40 Shutting down the server...
2023/12/26 13:14:40 Server has been shut down.
2023/12/26 13:14:45 Server is running on :5050
2023/12/26 13:15:42 Shutting down the server...
2023/12/26 13:15:42 Server has been shut down.
2023/12/26 13:15:45 Server is running on :5050
::1 - - [26/Dec/2023:13:15:55 +0300] "POST /profile HTTP/1.1" 200 12
::1 - - [26/Dec/2023:13:16:01 +0300] "POST /profile HTTP/1.1" 200 12
2023/12/26 13:16:55 Shutting down the server...
2023/12/26 13:16:55 Server has been shut down.
2023/12/26 13:16:58 Server is running on :5050
::1 - - [26/Dec/2023:13:17:05 +0300] "POST /profile HTTP/1.1" 200 12
::1 - - [26/Dec/2023:13:17:11 +0300] "POST /profile HTTP/1.1" 200 12
2023/12/26 13:19:14 Shutting down the server...
2023/12/26 13:19:14 Server has been shut down.
2023/12/26 13:19:17 Server is running on :5050
::1 - - [26/Dec/2023:13:19:25 +0300] "POST /profile HTTP/1.1" 200 12
::1 - - [26/Dec/2023:13:33:26 +0300] "POST /profile HTTP/1.1" 200 12
::1 - - [26/Dec/2023:13:33:58 +0300] "POST /posts HTTP/1.1" 200 51
::1 - - [26/Dec/2023:13:34:32 +0300] "POST /posts HTTP/1.1" 200 48
::1 - - [26/Dec/2023:13:35:08 +0300] "POST /profile HTTP/1.1" 200 12
::1 - - [26/Dec/2023:13:35:40 +0300] "POST /profile HTTP/1.1" 200 22
::1 - - [26/Dec/2023:13:36:04 +0300] "GET /profile HTTP/1.1" 200 12
::1 - - [26/Dec/2023:13:36:17 +0300] "GET /profile HTTP/1.1" 200 12
::1 - - [26/Dec/2023:13:36:25 +0300] "POST /profile HTTP/1.1" 200 22
::1 - - [26/Dec/2023:13:37:12 +0300] "GET /profile HTTP/1.1" 200 12
::1 - - [26/Dec/2023:13:37:14 +0300] "GET /profile HTTP/1.1" 200 12
2023/12/26 13:37:47 Shutting down the server...
2023/12/26 13:37:47 Server has been shut down.
2023/12/26 13:37:50 Server is running on :5050
::1 - - [26/Dec/2023:13:37:58 +0300] "POST /profile HTTP/1.1" 200 22
::1 - - [26/Dec/2023:13:38:07 +0300] "GET /profile HTTP/1.1" 200 22
::1 - - [26/Dec/2023:14:16:59 +0300] "POST /posts HTTP/1.1" 200 53
::1 - - [26/Dec/2023:14:16:59 +0300] "DELETE /profile HTTP/1.1" 200 12
::1 - - [26/Dec/2023:14:16:59 +0300] "GET /posts HTTP/1.1" 200 55
::1 - - [26/Dec/2023:14:16:59 +0300] "DELETE /profile HTTP/1.1" 200 12
::1 - - [26/Dec/2023:14:16:59 +0300] "POST /posts HTTP/1.1" 200 49
::1 - - [26/Dec/2023:14:16:59 +0300] "PUT /posts/2 HTTP/1.1" 200 51
::1 - - [26/Dec/2023:14:16:59 +0300] "DELETE /profile HTTP/1.1" 200 12
::1 - - [26/Dec/2023:14:16:59 +0300] "POST /posts HTTP/1.1" 200 45
::1 - - [26/Dec/2023:14:16:59 +0300] "DELETE /posts/3 HTTP/1.1" 200 106
::1 - - [26/Dec/2023:14:16:59 +0300] "DELETE /profile HTTP/1.1" 200 12
::1 - - [26/Dec/2023:14:16:59 +0300] "POST /comments HTTP/1.1" 200 97
::1 - - [26/Dec/2023:14:16:59 +0300] "DELETE /profile HTTP/1.1" 200 12
::1 - - [26/Dec/2023:14:16:59 +0300] "GET /comments HTTP/1.1" 200 99
::1 - - [26/Dec/2023:14:16:59 +0300] "DELETE /profile HTTP/1.1" 200 12
::1 - - [26/Dec/2023:14:16:59 +0300] "POST /comments HTTP/1.1" 200 86
::1 - - [26/Dec/2023:14:16:59 +0300] "PUT /comments/2 HTTP/1.1" 200 149
::1 - - [26/Dec/2023:14:16:59 +0300] "DELETE /profile HTTP/1.1" 200 12
::1 - - [26/Dec/2023:14:16:59 +0300] "POST /comments HTTP/1.1" 200 187
::1 - - [26/Dec/2023:14:16:59 +0300] "DELETE /comments/3 HTTP/1.1" 200 248
::1 - - [26/Dec/2023:14:16:59 +0300] "DELETE /profile HTTP/1.1" 200 12
::1 - - [26/Dec/2023:14:16:59 +0300] "GET /posts/author/tannerfowler HTTP/1.1" 200 3
::1 - - [26/Dec/2023:14:16:59 +0300] "DELETE /profile HTTP/1.1" 200 12
::1 - - [26/Dec/2023:14:16:59 +0300] "GET /posts/75/comments HTTP/1.1" 200 3
::1 - - [26/Dec/2023:14:16:59 +0300] "DELETE /profile HTTP/1.1" 200 12
::1 - - [26/Dec/2023:14:16:59 +0300] "DELETE /comments/post/44 HTTP/1.1" 200 3
::1 - - [26/Dec/2023:14:16:59 +0300] "DELETE /profile HTTP/1.1" 200 12
::1 - - [26/Dec/2023:14:16:59 +0300] "POST /profile HTTP/1.1" 200 28
::1 - - [26/Dec/2023:14:16:59 +0300] "DELETE /profile HTTP/1.1" 200 12
::1 - - [26/Dec/2023:14:16:59 +0300] "GET /profile HTTP/1.1" 200 12
::1 - - [26/Dec/2023:14:16:59 +0300] "DELETE /profile HTTP/1.1" 200 12
::1 - - [26/Dec/2023:14:16:59 +0300] "POST /profile HTTP/1.1" 200 22
::1 - - [26/Dec/2023:14:16:59 +0300] "PUT /profile HTTP/1.1" 200 28
::1 - - [26/Dec/2023:14:16:59 +0300] "DELETE /profile HTTP/1.1" 200 12
::1 - - [26/Dec/2023:14:16:59 +0300] "DELETE /profile HTTP/1.1" 200 12
::1 - - [26/Dec/2023:14:16:59 +0300] "DELETE /profile HTTP/1.1" 200 12
::1 - - [26/Dec/2023:14:16:59 +0300] "DELETE /profile HTTP/1.1" 200 12
::1 - - [26/Dec/2023:14:16:59 +0300] "DELETE /profile HTTP/1.1" 200 12
::1 - - [26/Dec/2023:14:16:59 +0300] "DELETE /profile HTTP/1.1" 200 12
::1 - - [26/Dec/2023:14:16:59 +0300] "POST /posts HTTP/1.1" 200 52
::1 - - [26/Dec/2023:14:16:59 +0300] "POST /comments HTTP/1.1" 200 138
::1 - - [26/Dec/2023:14:16:59 +0300] "DELETE /profile HTTP/1.1" 200 12
::1 - - [26/Dec/2023:14:16:59 +0300] "POST /comments HTTP/1.1" 200 219
::1 - - [26/Dec/2023:14:16:59 +0300] "GET /comments/4 HTTP/1.1" 200 219
::1 - - [26/Dec/2023:14:16:59 +0300] "DELETE /comments/4 HTTP/1.1" 200 386
::1 - - [26/Dec/2023:14:16:59 +0300] "GET /comments/4 HTTP/1.1" 200 30
::1 - - [26/Dec/2023:14:16:59 +0300] "DELETE /profile HTTP/1.1" 200 12
::1 - - [26/Dec/2023:14:18:31 +0300] "POST /posts HTTP/1.1" 200 51
::1 - - [26/Dec/2023:14:18:31 +0300] "DELETE /profile HTTP/1.1" 200 12
::1 - - [26/Dec/2023:14:18:31 +0300] "GET /posts HTTP/1.1" 200 209
::1 - - [26/Dec/2023:14:18:31 +0300] "DELETE /profile HTTP/1.1" 200 12
::1 - - [26/Dec/2023:14:18:31 +0300] "POST /posts HTTP/1.1" 200 51
::1 - - [26/Dec/2023:14:18:31 +0300] "PUT /posts/5 HTTP/1.1" 200 49
::1 - - [26/Dec/2023:14:18:31 +0300] "DELETE /profile HTTP/1.1" 200 12
::1 - - [26/Dec/2023:14:18:31 +0300] "POST /posts HTTP/1.1" 200 47
::1 - - [26/Dec/2023:14:18:31 +0300] "DELETE /posts/6 HTTP/1.1" 200 258
::1 - - [26/Dec/2023:14:18:31 +0300] "DELETE /profile HTTP/1.1" 200 12
::1 - - [26/Dec/2023:14:18:31 +0300] "POST /comments HTTP/1.1" 200 174
::1 - - [26/Dec/2023:14:18:31 +0300] "DELETE /profile HTTP/1.1" 200 12
::1 - - [26/Dec/2023:14:18:31 +0300] "GET /comments HTTP/1.1" 200 560
::1 - - [26/Dec/2023:14:18:31 +0300] "DELETE /profile HTTP/1.1" 200 12
::1 - - [26/Dec/2023:14:18:31 +0300] "POST /comments HTTP/1.1" 200 146
::1 - - [26/Dec/2023:14:18:31 +0300] "PUT /comments/5 HTTP/1.1" 200 208
::1 - - [26/Dec/2023:14:18:31 +0300] "DELETE /profile HTTP/1.1" 200 12
::1 - - [26/Dec/2023:14:18:31 +0300] "POST /comments HTTP/1.1" 200 225
::1 - - [26/Dec/2023:14:18:31 +0300] "DELETE /comments/6 HTTP/1.1" 200 768
::1 - - [26/Dec/2023:14:18:31 +0300] "DELETE /profile HTTP/1.1" 200 12
::1 - - [26/Dec/2023:14:18:31 +0300] "GET /posts/author/kparrish HTTP/1.1" 200 3
::1 - - [26/Dec/2023:14:18:31 +0300] "DELETE /profile HTTP/1.1" 200 12
::1 - - [26/Dec/2023:14:18:31 +0300] "GET /posts/14/comments HTTP/1.1" 200 3
::1 - - [26/Dec/2023:14:18:31 +0300] "DELETE /profile HTTP/1.1" 200 12
::1 - - [26/Dec/2023:14:18:31 +0300] "DELETE /comments/post/53 HTTP/1.1" 200 3
::1 - - [26/Dec/2023:14:18:31 +0300] "DELETE /profile HTTP/1.1" 200 12
::1 - - [26/Dec/2023:14:18:31 +0300] "POST /profile HTTP/1.1" 200 25
::1 - - [26/Dec/2023:14:18:31 +0300] "DELETE /profile HTTP/1.1" 200 12
::1 - - [26/Dec/2023:14:18:31 +0300] "GET /profile HTTP/1.1" 200 12
::1 - - [26/Dec/2023:14:18:31 +0300] "DELETE /profile HTTP/1.1" 200 12
::1 - - [26/Dec/2023:14:18:31 +0300] "POST /profile HTTP/1.1" 200 25
::1 - - [26/Dec/2023:14:18:31 +0300] "PUT /profile HTTP/1.1" 200 31
::1 - - [26/Dec/2023:14:18:31 +0300] "DELETE /profile HTTP/1.1" 200 12
::1 - - [26/Dec/2023:14:18:31 +0300] "DELETE /profile HTTP/1.1" 200 12
::1 - - [26/Dec/2023:14:18:31 +0300] "DELETE /profile HTTP/1.1" 200 12
::1 - - [26/Dec/2023:14:18:31 +0300] "POST /posts HTTP/1.1" 200 42
::1 - - [26/Dec/2023:14:18:31 +0300] "POST /posts HTTP/1.1" 200 46
::1 - - [26/Dec/2023:14:18:31 +0300] "POST /posts HTTP/1.1" 200 46
::1 - - [26/Dec/2023:14:18:31 +0300] "POST /posts HTTP/1.1" 200 48
::1 - - [26/Dec/2023:14:18:31 +0300] "POST /posts HTTP/1.1" 200 47
::1 - - [26/Dec/2023:14:18:31 +0300] "DELETE /profile HTTP/1.1" 200 12
::1 - - [26/Dec/2023:14:18:31 +0300] "POST /comments HTTP/1.1" 200 194
::1 - - [26/Dec/2023:14:18:31 +0300] "POST /comments HTTP/1.1" 200 159
::1 - - [26/Dec/2023:14:18:31 +0300] "POST /comments HTTP/1.1" 200 147
::1 - - [26/Dec/2023:14:18:31 +0300] "POST /comments HTTP/1.1" 200 191
::1 - - [26/Dec/2023:14:18:31 +0300] "POST /comments HTTP/1.1" 200 191
::1 - - [26/Dec/2023:14:18:31 +0300] "DELETE /profile HTTP/1.1" 200 12
::1 - - [26/Dec/2023:14:18:31 +0300] "POST /profile HTTP/1.1" 200 23
::1 - - [26/Dec/2023:14:18:31 +0300] "POST /profile HTTP/1.1" 200 27
::1 - - [26/Dec/2023:14:18:31 +0300] "POST /profile HTTP/1.1" 200 25
::1 - - [26/Dec/2023:14:18:31 +0300] "POST /profile HTTP/1.1" 200 25
::1 - - [26/Dec/2023:14:18:31 +0300] "POST /profile HTTP/1.1" 200 23
::1 - - [26/Dec/2023:14:18:31 +0300] "DELETE /profile HTTP/1.1" 200 12
::1 - - [26/Dec/2023:14:18:31 +0300] "POST /posts HTTP/1.1" 200 46
::1 - - [26/Dec/2023:14:18:31 +0300] "POST /comments HTTP/1.1" 200 190
::1 - - [26/Dec/2023:14:18:31 +0300] "DELETE /profile HTTP/1.1" 200 12
::1 - - [26/Dec/2023:14:18:31 +0300] "POST /comments HTTP/1.1" 200 169
::1 - - [26/Dec/2023:14:18:31 +0300] "GET /comments/12 HTTP/1.1" 200 169
::1 - - [26/Dec/2023:14:18:31 +0300] "DELETE /comments/12 HTTP/1.1" 200 1840
::1 - - [26/Dec/2023:14:18:31 +0300] "GET /comments/12 HTTP/1.1" 200 30
::1 - - [26/Dec/2023:14:18:31 +0300] "DELETE /profile HTTP/1.1" 200 12
::1 - - [26/Dec/2023:14:19:32 +0300] "POST /posts HTTP/1.1" 200 44
::1 - - [26/Dec/2023:14:19:32 +0300] "DELETE /profile HTTP/1.1" 200 12
::1 - - [26/Dec/2023:14:19:32 +0300] "GET /posts HTTP/1.1" 200 577
::1 - - [26/Dec/2023:14:19:32 +0300] "DELETE /profile HTTP/1.1" 200 12
::1 - - [26/Dec/2023:14:19:32 +0300] "POST /posts HTTP/1.1" 200 43
::1 - - [26/Dec/2023:14:19:32 +0300] "PUT /posts/13 HTTP/1.1" 200 43
::1 - - [26/Dec/2023:14:19:32 +0300] "DELETE /profile HTTP/1.1" 200 12
::1 - - [26/Dec/2023:14:19:32 +0300] "POST /posts HTTP/1.1" 200 50
::1 - - [26/Dec/2023:14:19:32 +0300] "DELETE /posts/14 HTTP/1.1" 200 620
::1 - - [26/Dec/2023:14:19:32 +0300] "DELETE /profile HTTP/1.1" 200 12
::1 - - [26/Dec/2023:14:19:32 +0300] "POST /comments HTTP/1.1" 200 181
::1 - - [26/Dec/2023:14:19:32 +0300] "DELETE /profile HTTP/1.1" 200 12
::1 - - [26/Dec/2023:14:19:32 +0300] "GET /comments HTTP/1.1" 200 2021
::1 - - [26/Dec/2023:14:19:32 +0300] "DELETE /profile HTTP/1.1" 200 12
::1 - - [26/Dec/2023:14:19:32 +0300] "POST /comments HTTP/1.1" 200 199
::1 - - [26/Dec/2023:14:19:32 +0300] "PUT /comments/13 HTTP/1.1" 200 154
::1 - - [26/Dec/2023:14:19:32 +0300] "DELETE /profile HTTP/1.1" 200 12
::1 - - [26/Dec/2023:14:19:32 +0300] "POST /comments HTTP/1.1" 200 198
::1 - - [26/Dec/2023:14:19:32 +0300] "DELETE /comments/14 HTTP/1.1" 200 2175
::1 - - [26/Dec/2023:14:19:32 +0300] "DELETE /profile HTTP/1.1" 200 12
::1 - - [26/Dec/2023:14:19:32 +0300] "GET /posts/author/anita77 HTTP/1.1" 200 3
::1 - - [26/Dec/2023:14:19:32 +0300] "DELETE /profile HTTP/1.1" 200 12
::1 - - [26/Dec/2023:14:19:32 +0300] "GET /posts/94/comments HTTP/1.1" 200 3
::1 - - [26/Dec/2023:14:19:32 +0300] "DELETE /profile HTTP/1.1" 200 12
::1 - - [26/Dec/2023:14:19:32 +0300] "DELETE /comments/post/26 HTTP/1.1" 200 3
::1 - - [26/Dec/2023:14:19:32 +0300] "DELETE /profile HTTP/1.1" 200 12
::1 - - [26/Dec/2023:14:19:32 +0300] "POST /profile HTTP/1.1" 200 24
::1 - - [26/Dec/2023:14:19:32 +0300] "DELETE /profile HTTP/1.1" 200 12
::1 - - [26/Dec/2023:14:19:32 +0300] "GET /profile HTTP/1.1" 200 12
::1 - - [26/Dec/2023:14:19:32 +0300] "DELETE /profile HTTP/1.1" 200 12
::1 - - [26/Dec/2023:14:19:32 +0300] "POST /profile HTTP/1.1" 200 23
::1 - - [26/Dec/2023:14:19:32 +0300] "PUT /profile HTTP/1.1" 200 25
::1 - - [26/Dec/2023:14:19:32 +0300] "DELETE /profile HTTP/1.1" 200 12
::1 - - [26/Dec/2023:14:19:32 +0300] "DELETE /profile HTTP/1.1" 200 12
::1 - - [26/Dec/2023:14:19:32 +0300] "DELETE /profile HTTP/1.1" 200 12
::1 - - [26/Dec/2023:14:19:32 +0300] "POST /posts HTTP/1.1" 200 47
::1 - - [26/Dec/2023:14:19:32 +0300] "POST /posts HTTP/1.1" 200 45
::1 - - [26/Dec/2023:14:19:32 +0300] "POST /posts HTTP/1.1" 200 48
::1 - - [26/Dec/2023:14:19:32 +0300] "POST /posts HTTP/1.1" 200 53
::1 - - [26/Dec/2023:14:19:32 +0300] "POST /posts HTTP/1.1" 200 41
::1 - - [26/Dec/2023:14:19:32 +0300] "DELETE /profile HTTP/1.1" 200 12
::1 - - [26/Dec/2023:14:19:32 +0300] "POST /comments HTTP/1.1" 200 143
::1 - - [26/Dec/2023:14:19:32 +0300] "POST /comments HTTP/1.1" 200 175
::1 - - [26/Dec/2023:14:19:32 +0300] "POST /comments HTTP/1.1" 200 211
::1 - - [26/Dec/2023:14:19:32 +0300] "POST /comments HTTP/1.1" 200 175
::1 - - [26/Dec/2023:14:19:33 +0300] "POST /comments HTTP/1.1" 200 222
::1 - - [26/Dec/2023:14:19:33 +0300] "DELETE /profile HTTP/1.1" 200 12
::1 - - [26/Dec/2023:14:19:33 +0300] "POST /profile HTTP/1.1" 200 26
::1 - - [26/Dec/2023:14:19:33 +0300] "POST /profile HTTP/1.1" 200 26
::1 - - [26/Dec/2023:14:19:33 +0300] "POST /profile HTTP/1.1" 200 27
::1 - - [26/Dec/2023:14:19:33 +0300] "POST /profile HTTP/1.1" 200 28
::1 - - [26/Dec/2023:14:19:33 +0300] "POST /profile HTTP/1.1" 200 25
::1 - - [26/Dec/2023:14:19:33 +0300] "DELETE /profile HTTP/1.1" 200 12
::1 - - [26/Dec/2023:14:19:33 +0300] "POST /posts HTTP/1.1" 200 48
::1 - - [26/Dec/2023:14:19:33 +0300] "POST /comments HTTP/1.1" 200 151
::1 - - [26/Dec/2023:14:19:33 +0300] "DELETE /profile HTTP/1.1" 200 12
::1 - - [26/Dec/2023:14:19:33 +0300] "POST /comments HTTP/1.1" 200 127
::1 - - [26/Dec/2023:14:19:33 +0300] "GET /comments/20 HTTP/1.1" 200 127
::1 - - [26/Dec/2023:14:19:33 +0300] "DELETE /comments/20 HTTP/1.1" 200 3252
::1 - - [26/Dec/2023:14:19:33 +0300] "GET /comments/20 HTTP/1.1" 200 30
::1 - - [26/Dec/2023:14:20:15 +0300] "POST /posts HTTP/1.1" 200 57
::1 - - [26/Dec/2023:14:20:15 +0300] "DELETE /profile HTTP/1.1" 200 12
::1 - - [26/Dec/2023:14:20:15 +0300] "GET /posts HTTP/1.1" 200 959
::1 - - [26/Dec/2023:14:20:15 +0300] "DELETE /profile HTTP/1.1" 200 12
::1 - - [26/Dec/2023:14:20:15 +0300] "POST /posts HTTP/1.1" 200 49
::1 - - [26/Dec/2023:14:20:15 +0300] "PUT /posts/21 HTTP/1.1" 200 44
::1 - - [26/Dec/2023:14:20:15 +0300] "DELETE /profile HTTP/1.1" 200 12
::1 - - [26/Dec/2023:14:20:15 +0300] "POST /posts HTTP/1.1" 200 47
::1 - - [26/Dec/2023:14:20:15 +0300] "DELETE /posts/22 HTTP/1.1" 200 1003
::1 - - [26/Dec/2023:14:20:15 +0300] "DELETE /profile HTTP/1.1" 200 12
::1 - - [26/Dec/2023:14:20:15 +0300] "POST /comments HTTP/1.1" 200 157
::1 - - [26/Dec/2023:14:20:15 +0300] "DELETE /profile HTTP/1.1" 200 12
::1 - - [26/Dec/2023:14:20:15 +0300] "GET /comments HTTP/1.1" 200 3409
::1 - - [26/Dec/2023:14:20:15 +0300] "DELETE /profile HTTP/1.1" 200 12
::1 - - [26/Dec/2023:14:20:15 +0300] "POST /comments HTTP/1.1" 200 195
::1 - - [26/Dec/2023:14:20:15 +0300] "PUT /comments/21 HTTP/1.1" 200 187
::1 - - [26/Dec/2023:14:20:15 +0300] "DELETE /profile HTTP/1.1" 200 12
::1 - - [26/Dec/2023:14:20:15 +0300] "POST /comments HTTP/1.1" 200 199
::1 - - [26/Dec/2023:14:20:15 +0300] "DELETE /comments/22 HTTP/1.1" 200 3596
::1 - - [26/Dec/2023:14:20:15 +0300] "DELETE /profile HTTP/1.1" 200 12
::1 - - [26/Dec/2023:14:20:15 +0300] "GET /posts/author/carol41 HTTP/1.1" 200 3
::1 - - [26/Dec/2023:14:20:15 +0300] "DELETE /profile HTTP/1.1" 200 12
::1 - - [26/Dec/2023:14:20:15 +0300] "GET /posts/69/comments HTTP/1.1" 200 3
::1 - - [26/Dec/2023:14:20:15 +0300] "DELETE /profile HTTP/1.1" 200 12
::1 - - [26/Dec/2023:14:20:15 +0300] "DELETE /comments/post/67 HTTP/1.1" 200 3
::1 - - [26/Dec/2023:14:20:15 +0300] "DELETE /profile HTTP/1.1" 200 12
::1 - - [26/Dec/2023:14:20:15 +0300] "POST /profile HTTP/1.1" 200 26
::1 - - [26/Dec/2023:14:20:15 +0300] "DELETE /profile HTTP/1.1" 200 12
::1 - - [26/Dec/2023:14:20:15 +0300] "GET /profile HTTP/1.1" 200 12
::1 - - [26/Dec/2023:14:20:15 +0300] "DELETE /profile HTTP/1.1" 200 12
::1 - - [26/Dec/2023:14:20:15 +0300] "POST /profile HTTP/1.1" 200 27
::1 - - [26/Dec/2023:14:20:15 +0300] "PUT /profile HTTP/1.1" 200 24
::1 - - [26/Dec/2023:14:20:15 +0300] "DELETE /profile HTTP/1.1" 200 12
::1 - - [26/Dec/2023:14:20:15 +0300] "DELETE /profile HTTP/1.1" 200 12
::1 - - [26/Dec/2023:14:20:15 +0300] "DELETE /profile HTTP/1.1" 200 12
::1 - - [26/Dec/2023:14:20:15 +0300] "POST /posts HTTP/1.1" 200 45
::1 - - [26/Dec/2023:14:20:15 +0300] "POST /posts HTTP/1.1" 200 44
::1 - - [26/Dec/2023:14:20:15 +0300] "POST /posts HTTP/1.1" 200 58
::1 - - [26/Dec/2023:14:20:15 +0300] "POST /posts HTTP/1.1" 200 52
::1 - - [26/Dec/2023:14:20:15 +0300] "POST /posts HTTP/1.1" 200 52
::1 - - [26/Dec/2023:14:20:15 +0300] "DELETE /profile HTTP/1.1" 200 12
::1 - - [26/Dec/2023:14:20:15 +0300] "POST /comments HTTP/1.1" 200 138
::1 - - [26/Dec/2023:14:20:15 +0300] "POST /comments HTTP/1.1" 200 202
::1 - - [26/Dec/2023:14:20:15 +0300] "POST /comments HTTP/1.1" 200 168
::1 - - [26/Dec/2023:14:20:15 +0300] "POST /comments HTTP/1.1" 200 188
::1 - - [26/Dec/2023:14:20:15 +0300] "POST /comments HTTP/1.1" 200 118
::1 - - [26/Dec/2023:14:20:15 +0300] "DELETE /profile HTTP/1.1" 200 12
::1 - - [26/Dec/2023:14:20:15 +0300] "POST /profile HTTP/1.1" 200 29
::1 - - [26/Dec/2023:14:20:15 +0300] "POST /profile HTTP/1.1" 200 26
::1 - - [26/Dec/2023:14:20:15 +0300] "POST /profile HTTP/1.1" 200 22
::1 - - [26/Dec/2023:14:20:15 +0300] "POST /profile HTTP/1.1" 200 26
::1 - - [26/Dec/2023:14:20:15 +0300] "POST /profile HTTP/1.1" 200 26
::1 - - [26/Dec/2023:14:20:15 +0300] "DELETE /profile HTTP/1.1" 200 12
::1 - - [26/Dec/2023:14:20:15 +0300] "POST /posts HTTP/1.1" 200 44
::1 - - [26/Dec/2023:14:20:15 +0300] "POST /comments HTTP/1.1" 200 188
::1 - - [26/Dec/2023:14:20:15 +0300] "DELETE /profile HTTP/1.1" 200 12
::1 - - [26/Dec/2023:14:20:15 +0300] "POST /comments HTTP/1.1" 200 143
::1 - - [26/Dec/2023:14:20:15 +0300] "GET /comments/28 HTTP/1.1" 200 143
::1 - - [26/Dec/2023:14:20:15 +0300] "DELETE /comments/28 HTTP/1.1" 200 4598
::1 - - [26/Dec/2023:14:20:15 +0300] "GET /comments/28 HTTP/1.1" 200 30
::1 - - [26/Dec/2023:14:20:58 +0300] "POST /posts HTTP/1.1" 200 49
::1 - - [26/Dec/2023:14:20:58 +0300] "DELETE /profile HTTP/1.1" 200 12
::1 - - [26/Dec/2023:14:20:58 +0300] "GET /posts HTTP/1.1" 200 1347
::1 - - [26/Dec/2023:14:20:58 +0300] "DELETE /profile HTTP/1.1" 200 12
::1 - - [26/Dec/2023:14:20:58 +0300] "POST /posts HTTP/1.1" 200 49
::1 - - [26/Dec/2023:14:20:58 +0300] "PUT /posts/29 HTTP/1.1" 200 41
::1 - - [26/Dec/2023:14:20:58 +0300] "DELETE /profile HTTP/1.1" 200 12
::1 - - [26/Dec/2023:14:20:58 +0300] "POST /posts HTTP/1.1" 200 55
::1 - - [26/Dec/2023:14:20:58 +0300] "DELETE /posts/30 HTTP/1.1" 200 1388
::1 - - [26/Dec/2023:14:20:58 +0300] "DELETE /profile HTTP/1.1" 200 12
::1 - - [26/Dec/2023:14:20:58 +0300] "POST /comments HTTP/1.1" 200 142
::1 - - [26/Dec/2023:14:20:58 +0300] "DELETE /profile HTTP/1.1" 200 12
::1 - - [26/Dec/2023:14:20:58 +0300] "GET /comments HTTP/1.1" 200 4740
::1 - - [26/Dec/2023:14:20:58 +0300] "DELETE /profile HTTP/1.1" 200 12
::1 - - [26/Dec/2023:14:20:58 +0300] "POST /comments HTTP/1.1" 200 162
::1 - - [26/Dec/2023:14:20:58 +0300] "PUT /comments/29 HTTP/1.1" 200 210
::1 - - [26/Dec/2023:14:20:58 +0300] "DELETE /profile HTTP/1.1" 200 12
::1 - - [26/Dec/2023:14:20:58 +0300] "POST /comments HTTP/1.1" 200 209
::1 - - [26/Dec/2023:14:20:58 +0300] "DELETE /comments/30 HTTP/1.1" 200 4950
::1 - - [26/Dec/2023:14:20:58 +0300] "DELETE /profile HTTP/1.1" 200 12
::1 - - [26/Dec/2023:14:20:58 +0300] "GET /posts/author/kellywatts HTTP/1.1" 200 3
::1 - - [26/Dec/2023:14:20:58 +0300] "DELETE /profile HTTP/1.1" 200 12
::1 - - [26/Dec/2023:14:20:58 +0300] "GET /posts/28/comments HTTP/1.1" 200 3
::1 - - [26/Dec/2023:14:20:58 +0300] "DELETE /profile HTTP/1.1" 200 12
::1 - - [26/Dec/2023:14:20:58 +0300] "DELETE /comments/post/26 HTTP/1.1" 200 3
::1 - - [26/Dec/2023:14:20:58 +0300] "DELETE /profile HTTP/1.1" 200 12
::1 - - [26/Dec/2023:14:20:58 +0300] "POST /profile HTTP/1.1" 200 28
::1 - - [26/Dec/2023:14:20:58 +0300] "DELETE /profile HTTP/1.1" 200 12
::1 - - [26/Dec/2023:14:20:58 +0300] "GET /profile HTTP/1.1" 200 12
::1 - - [26/Dec/2023:14:20:58 +0300] "DELETE /profile HTTP/1.1" 200 12
::1 - - [26/Dec/2023:14:20:58 +0300] "POST /profile HTTP/1.1" 200 27
::1 - - [26/Dec/2023:14:20:58 +0300] "PUT /profile HTTP/1.1" 200 27
::1 - - [26/Dec/2023:14:20:58 +0300] "DELETE /profile HTTP/1.1" 200 12
::1 - - [26/Dec/2023:14:20:58 +0300] "DELETE /profile HTTP/1.1" 200 12
::1 - - [26/Dec/2023:14:20:58 +0300] "DELETE /profile HTTP/1.1" 200 12
::1 - - [26/Dec/2023:14:20:58 +0300] "POST /posts HTTP/1.1" 200 52
::1 - - [26/Dec/2023:14:20:58 +0300] "POST /posts HTTP/1.1" 200 46
::1 - - [26/Dec/2023:14:20:58 +0300] "POST /posts HTTP/1.1" 200 50
::1 - - [26/Dec/2023:14:20:58 +0300] "POST /posts HTTP/1.1" 200 50
::1 - - [26/Dec/2023:14:20:58 +0300] "POST /posts HTTP/1.1" 200 54
::1 - - [26/Dec/2023:14:20:58 +0300] "DELETE /profile HTTP/1.1" 200 12
::1 - - [26/Dec/2023:14:20:58 +0300] "POST /comments HTTP/1.1" 200 110
::1 - - [26/Dec/2023:14:20:58 +0300] "POST /comments HTTP/1.1" 200 202
::1 - - [26/Dec/2023:14:20:58 +0300] "POST /comments HTTP/1.1" 200 222
::1 - - [26/Dec/2023:14:20:58 +0300] "POST /comments HTTP/1.1" 200 211
::1 - - [26/Dec/2023:14:20:58 +0300] "POST /comments HTTP/1.1" 200 118
::1 - - [26/Dec/2023:14:20:58 +0300] "DELETE /profile HTTP/1.1" 200 12
::1 - - [26/Dec/2023:14:20:58 +0300] "POST /profile HTTP/1.1" 200 21
::1 - - [26/Dec/2023:14:20:58 +0300] "POST /profile HTTP/1.1" 200 26
::1 - - [26/Dec/2023:14:20:58 +0300] "POST /profile HTTP/1.1" 200 22
::1 - - [26/Dec/2023:14:20:58 +0300] "POST /profile HTTP/1.1" 200 28
::1 - - [26/Dec/2023:14:20:58 +0300] "POST /profile HTTP/1.1" 200 25
::1 - - [26/Dec/2023:14:20:58 +0300] "DELETE /profile HTTP/1.1" 200 12
::1 - - [26/Dec/2023:14:20:58 +0300] "POST /posts HTTP/1.1" 200 54
::1 - - [26/Dec/2023:14:20:58 +0300] "POST /comments HTTP/1.1" 200 231
::1 - - [26/Dec/2023:14:20:58 +0300] "DELETE /profile HTTP/1.1" 200 12
::1 - - [26/Dec/2023:14:20:58 +0300] "POST /comments HTTP/1.1" 200 229
::1 - - [26/Dec/2023:14:20:58 +0300] "GET /comments/36 HTTP/1.1" 200 229
::1 - - [26/Dec/2023:14:20:58 +0300] "DELETE /comments/36 HTTP/1.1" 200 6044
::1 - - [26/Dec/2023:14:20:58 +0300] "GET /comments/36 HTTP/1.1" 200 30
::1 - - [26/Dec/2023:15:22:47 +0300] "POST /posts HTTP/1.1" 200 44
::1 - - [26/Dec/2023:15:22:47 +0300] "DELETE /profile HTTP/1.1" 200 12
::1 - - [26/Dec/2023:15:22:47 +0300] "GET /posts HTTP/1.1" 200 1738
::1 - - [26/Dec/2023:15:22:47 +0300] "DELETE /profile HTTP/1.1" 200 12
::1 - - [26/Dec/2023:15:22:47 +0300] "POST /posts HTTP/1.1" 200 45
::1 - - [26/Dec/2023:15:22:47 +0300] "PUT /posts/37 HTTP/1.1" 200 43
::1 - - [26/Dec/2023:15:22:47 +0300] "DELETE /profile HTTP/1.1" 200 12
::1 - - [26/Dec/2023:15:22:47 +0300] "POST /posts HTTP/1.1" 200 48
::1 - - [26/Dec/2023:15:22:47 +0300] "DELETE /posts/38 HTTP/1.1" 200 1781
::1 - - [26/Dec/2023:15:22:47 +0300] "DELETE /profile HTTP/1.1" 200 12
::1 - - [26/Dec/2023:15:22:47 +0300] "POST /comments HTTP/1.1" 200 145
::1 - - [26/Dec/2023:15:22:47 +0300] "DELETE /profile HTTP/1.1" 200 12
::1 - - [26/Dec/2023:15:22:47 +0300] "GET /comments HTTP/1.1" 200 6189
::1 - - [26/Dec/2023:15:22:47 +0300] "DELETE /profile HTTP/1.1" 200 12
::1 - - [26/Dec/2023:15:22:47 +0300] "POST /comments HTTP/1.1" 200 156
::1 - - [26/Dec/2023:15:22:47 +0300] "PUT /comments/37 HTTP/1.1" 200 175
::1 - - [26/Dec/2023:15:22:47 +0300] "DELETE /profile HTTP/1.1" 200 12
::1 - - [26/Dec/2023:15:22:47 +0300] "POST /comments HTTP/1.1" 200 230
::1 - - [26/Dec/2023:15:22:47 +0300] "DELETE /comments/38 HTTP/1.1" 200 6364
::1 - - [26/Dec/2023:15:22:47 +0300] "DELETE /profile HTTP/1.1" 200 12
::1 - - [26/Dec/2023:15:22:47 +0300] "GET /posts/author/heather55 HTTP/1.1" 200 3
::1 - - [26/Dec/2023:15:22:47 +0300] "DELETE /profile HTTP/1.1" 200 12
::1 - - [26/Dec/2023:15:22:47 +0300] "GET /posts/58/comments HTTP/1.1" 200 3
::1 - - [26/Dec/2023:15:22:47 +0300] "DELETE /profile HTTP/1.1" 200 12
::1 - - [26/Dec/2023:15:22:47 +0300] "DELETE /comments/post/61 HTTP/1.1" 200 196
::1 - - [26/Dec/2023:15:22:47 +0300] "DELETE /profile HTTP/1.1" 200 12
::1 - - [26/Dec/2023:15:22:47 +0300] "POST /profile HTTP/1.1" 200 25
::1 - - [26/Dec/2023:15:22:47 +0300] "DELETE /profile HTTP/1.1" 200 12
::1 - - [26/Dec/2023:15:22:47 +0300] "GET /profile HTTP/1.1" 200 12
::1 - - [26/Dec/2023:15:22:47 +0300] "DELETE /profile HTTP/1.1" 200 12
::1 - - [26/Dec/2023:15:22:47 +0300] "POST /profile HTTP/1.1" 200 24
::1 - - [26/Dec/2023:15:22:47 +0300] "PUT /profile HTTP/1.1" 200 23
::1 - - [26/Dec/2023:15:22:47 +0300] "DELETE /profile HTTP/1.1" 200 12
::1 - - [26/Dec/2023:15:22:47 +0300] "DELETE /profile HTTP/1.1" 200 12
::1 - - [26/Dec/2023:15:22:47 +0300] "DELETE /profile HTTP/1.1" 200 12
::1 - - [26/Dec/2023:15:22:47 +0300] "POST /posts HTTP/1.1" 200 46
::1 - - [26/Dec/2023:15:22:47 +0300] "POST /posts HTTP/1.1" 200 50
::1 - - [26/Dec/2023:15:22:47 +0300] "POST /posts HTTP/1.1" 200 51
::1 - - [26/Dec/2023:15:22:47 +0300] "POST /posts HTTP/1.1" 200 49
::1 - - [26/Dec/2023:15:22:47 +0300] "POST /posts HTTP/1.1" 200 47
::1 - - [26/Dec/2023:15:22:47 +0300] "DELETE /profile HTTP/1.1" 200 12
::1 - - [26/Dec/2023:15:22:47 +0300] "POST /comments HTTP/1.1" 200 146
::1 - - [26/Dec/2023:15:22:47 +0300] "POST /comments HTTP/1.1" 200 141
::1 - - [26/Dec/2023:15:22:48 +0300] "POST /comments HTTP/1.1" 200 126
::1 - - [26/Dec/2023:15:22:48 +0300] "POST /comments HTTP/1.1" 200 118
::1 - - [26/Dec/2023:15:22:48 +0300] "POST /comments HTTP/1.1" 200 115
::1 - - [26/Dec/2023:15:22:48 +0300] "DELETE /profile HTTP/1.1" 200 12
::1 - - [26/Dec/2023:15:22:48 +0300] "POST /profile HTTP/1.1" 200 24
::1 - - [26/Dec/2023:15:22:48 +0300] "POST /profile HTTP/1.1" 200 27
::1 - - [26/Dec/2023:15:22:48 +0300] "POST /profile HTTP/1.1" 200 27
::1 - - [26/Dec/2023:15:22:48 +0300] "POST /profile HTTP/1.1" 200 28
::1 - - [26/Dec/2023:15:22:48 +0300] "POST /profile HTTP/1.1" 200 25
::1 - - [26/Dec/2023:15:22:48 +0300] "DELETE /profile HTTP/1.1" 200 12
::1 - - [26/Dec/2023:15:22:48 +0300] "POST /posts HTTP/1.1" 200 44
::1 - - [26/Dec/2023:15:22:48 +0300] "POST /comments HTTP/1.1" 200 219
::1 - - [26/Dec/2023:15:22:48 +0300] "DELETE /profile HTTP/1.1" 200 12
::1 - - [26/Dec/2023:15:22:48 +0300] "POST /comments HTTP/1.1" 200 147
::1 - - [26/Dec/2023:15:22:48 +0300] "GET /comments/43 HTTP/1.1" 200 147
::1 - - [26/Dec/2023:15:22:48 +0300] "DELETE /comments/43 HTTP/1.1" 200 7035
::1 - - [26/Dec/2023:15:22:48 +0300] "GET /comments/43 HTTP/1.1" 200 30
::1 - - [26/Dec/2023:15:29:22 +0300] "POST /posts HTTP/1.1" 200 50
::1 - - [26/Dec/2023:15:29:22 +0300] "DELETE /profile HTTP/1.1" 200 12
::1 - - [26/Dec/2023:15:29:22 +0300] "GET /posts HTTP/1.1" 200 2118
::1 - - [26/Dec/2023:15:29:22 +0300] "DELETE /profile HTTP/1.1" 200 12
::1 - - [26/Dec/2023:15:29:22 +0300] "POST /posts HTTP/1.1" 200 45
::1 - - [26/Dec/2023:15:29:22 +0300] "PUT /posts/45 HTTP/1.1" 200 56
::1 - - [26/Dec/2023:15:29:22 +0300] "DELETE /profile HTTP/1.1" 200 12
::1 - - [26/Dec/2023:15:29:22 +0300] "POST /posts HTTP/1.1" 200 46
::1 - - [26/Dec/2023:15:29:22 +0300] "DELETE /posts/46 HTTP/1.1" 200 2174
::1 - - [26/Dec/2023:15:29:22 +0300] "DELETE /profile HTTP/1.1" 200 12
::1 - - [26/Dec/2023:15:29:22 +0300] "POST /comments HTTP/1.1" 200 156
::1 - - [26/Dec/2023:15:29:22 +0300] "DELETE /profile HTTP/1.1" 200 12
::1 - - [26/Dec/2023:15:29:22 +0300] "GET /comments HTTP/1.1" 200 7191
::1 - - [26/Dec/2023:15:29:22 +0300] "DELETE /profile HTTP/1.1" 200 12
::1 - - [26/Dec/2023:15:29:22 +0300] "POST /comments HTTP/1.1" 200 106
::1 - - [26/Dec/2023:15:29:22 +0300] "PUT /comments/44 HTTP/1.1" 200 186
::1 - - [26/Dec/2023:15:29:22 +0300] "DELETE /profile HTTP/1.1" 200 12
::1 - - [26/Dec/2023:15:29:22 +0300] "POST /comments HTTP/1.1" 200 200
::1 - - [26/Dec/2023:15:29:22 +0300] "DELETE /comments/45 HTTP/1.1" 200 7377
::1 - - [26/Dec/2023:15:29:22 +0300] "DELETE /profile HTTP/1.1" 200 12
::1 - - [26/Dec/2023:15:29:22 +0300] "GET /posts/author/ulara HTTP/1.1" 200 3
::1 - - [26/Dec/2023:15:29:22 +0300] "DELETE /profile HTTP/1.1" 200 12
::1 - - [26/Dec/2023:15:29:22 +0300] "GET /posts/92/comments HTTP/1.1" 200 3
::1 - - [26/Dec/2023:15:29:22 +0300] "DELETE /profile HTTP/1.1" 200 12
::1 - - [26/Dec/2023:15:29:22 +0300] "DELETE /comments/post/25 HTTP/1.1" 200 3
::1 - - [26/Dec/2023:15:29:22 +0300] "DELETE /profile HTTP/1.1" 200 12
::1 - - [26/Dec/2023:15:29:22 +0300] "POST /profile HTTP/1.1" 200 27
::1 - - [26/Dec/2023:15:29:22 +0300] "DELETE /profile HTTP/1.1" 200 12
::1 - - [26/Dec/2023:15:29:22 +0300] "GET /profile HTTP/1.1" 200 12
::1 - - [26/Dec/2023:15:29:22 +0300] "DELETE /profile HTTP/1.1" 200 12
::1 - - [26/Dec/2023:15:29:22 +0300] "POST /profile HTTP/1.1" 200 25
::1 - - [26/Dec/2023:15:29:22 +0300] "PUT /profile HTTP/1.1" 200 23
::1 - - [26/Dec/2023:15:29:22 +0300] "DELETE /profile HTTP/1.1" 200 12
::1 - - [26/Dec/2023:15:29:22 +0300] "DELETE /profile HTTP/1.1" 200 12
::1 - - [26/Dec/2023:15:29:22 +0300] "DELETE /profile HTTP/1.1" 200 12
::1 - - [26/Dec/2023:15:29:22 +0300] "POST /posts HTTP/1.1" 200 53
::1 - - [26/Dec/2023:15:29:22 +0300] "POST /posts HTTP/1.1" 200 51
::1 - - [26/Dec/2023:15:29:22 +0300] "POST /posts HTTP/1.1" 200 50
::1 - - [26/Dec/2023:15:29:22 +0300] "POST /posts HTTP/1.1" 200 54
::1 - - [26/Dec/2023:15:29:22 +0300] "POST /posts HTTP/1.1" 200 46
::1 - - [26/Dec/2023:15:29:22 +0300] "DELETE /profile HTTP/1.1" 200 12
::1 - - [26/Dec/2023:15:29:22 +0300] "POST /comments HTTP/1.1" 200 223
::1 - - [26/Dec/2023:15:29:22 +0300] "POST /comments HTTP/1.1" 200 228
::1 - - [26/Dec/2023:15:29:22 +0300] "POST /comments HTTP/1.1" 200 183
::1 - - [26/Dec/2023:15:29:22 +0300] "POST /comments HTTP/1.1" 200 132
::1 - - [26/Dec/2023:15:29:22 +0300] "POST /comments HTTP/1.1" 200 198
::1 - - [26/Dec/2023:15:29:22 +0300] "DELETE /profile HTTP/1.1" 200 12
::1 - - [26/Dec/2023:15:29:22 +0300] "POST /profile HTTP/1.1" 200 28
::1 - - [26/Dec/2023:15:29:22 +0300] "POST /profile HTTP/1.1" 200 28
::1 - - [26/Dec/2023:15:29:22 +0300] "POST /profile HTTP/1.1" 200 27
::1 - - [26/Dec/2023:15:29:22 +0300] "POST /profile HTTP/1.1" 200 25
::1 - - [26/Dec/2023:15:29:22 +0300] "POST /profile HTTP/1.1" 200 24
::1 - - [26/Dec/2023:15:29:22 +0300] "DELETE /profile HTTP/1.1" 200 12
::1 - - [26/Dec/2023:15:29:22 +0300] "POST /posts HTTP/1.1" 200 55
::1 - - [26/Dec/2023:15:29:22 +0300] "POST /comments HTTP/1.1" 200 205
::1 - - [26/Dec/2023:15:29:22 +0300] "DELETE /profile HTTP/1.1" 200 12
::1 - - [26/Dec/2023:15:29:22 +0300] "POST /comments HTTP/1.1" 200 135
::1 - - [26/Dec/2023:15:29:22 +0300] "GET /comments/51 HTTP/1.1" 200 135
::1 - - [26/Dec/2023:15:29:22 +0300] "DELETE /comments/51 HTTP/1.1" 200 8546
::1 - - [26/Dec/2023:15:29:22 +0300] "GET /comments/51 HTTP/1.1" 200 30
::1 - - [26/Dec/2023:15:44:49 +0300] "GET /profile HTTP/1.1" 200 12
::1 - - [26/Dec/2023:15:45:06 +0300] "POST /profile HTTP/1.1" 200 22
2023/12/26 15:46:06 Shutting down the server...
2023/12/26 15:46:06 Server has been shut down.
2023/12/26 15:46:09 Server is running on :3000
2023/12/26 15:54:42 Shutting down the server...
2023/12/26 15:54:42 Server has been shut down.
2023/12/26 15:54:44 Server is running on :5050
::1 - - [26/Dec/2023:15:54:53 +0300] "POST /posts HTTP/1.1" 200 43
::1 - - [26/Dec/2023:15:54:54 +0300] "DELETE /profile HTTP/1.1" 200 12
::1 - - [26/Dec/2023:15:54:54 +0300] "GET /posts HTTP/1.1" 200 45
::1 - - [26/Dec/2023:15:54:54 +0300] "DELETE /profile HTTP/1.1" 200 12
::1 - - [26/Dec/2023:15:54:54 +0300] "POST /posts HTTP/1.1" 200 50
::1 - - [26/Dec/2023:15:54:54 +0300] "PUT /posts/2 HTTP/1.1" 200 45
::1 - - [26/Dec/2023:15:54:54 +0300] "DELETE /profile HTTP/1.1" 200 12
::1 - - [26/Dec/2023:15:54:54 +0300] "POST /posts HTTP/1.1" 200 49
::1 - - [26/Dec/2023:15:54:54 +0300] "DELETE /posts/3 HTTP/1.1" 200 90
::1 - - [26/Dec/2023:15:54:54 +0300] "DELETE /profile HTTP/1.1" 200 12
::1 - - [26/Dec/2023:15:54:54 +0300] "POST /comments HTTP/1.1" 200 221
::1 - - [26/Dec/2023:15:54:54 +0300] "DELETE /profile HTTP/1.1" 200 12
::1 - - [26/Dec/2023:15:54:54 +0300] "GET /comments HTTP/1.1" 200 223
::1 - - [26/Dec/2023:15:54:54 +0300] "DELETE /profile HTTP/1.1" 200 12
::1 - - [26/Dec/2023:15:54:54 +0300] "POST /comments HTTP/1.1" 200 169
::1 - - [26/Dec/2023:15:54:54 +0300] "PUT /comments/2 HTTP/1.1" 200 218
::1 - - [26/Dec/2023:15:54:54 +0300] "DELETE /profile HTTP/1.1" 200 12
::1 - - [26/Dec/2023:15:54:54 +0300] "POST /comments HTTP/1.1" 200 199
::1 - - [26/Dec/2023:15:54:54 +0300] "DELETE /comments/3 HTTP/1.1" 200 441
::1 - - [26/Dec/2023:15:54:54 +0300] "DELETE /profile HTTP/1.1" 200 12
::1 - - [26/Dec/2023:15:54:54 +0300] "GET /posts/author/maria15 HTTP/1.1" 200 3
::1 - - [26/Dec/2023:15:54:54 +0300] "DELETE /profile HTTP/1.1" 200 12
::1 - - [26/Dec/2023:15:54:54 +0300] "GET /posts/58/comments HTTP/1.1" 200 3
::1 - - [26/Dec/2023:15:54:54 +0300] "DELETE /profile HTTP/1.1" 200 12
::1 - - [26/Dec/2023:15:54:54 +0300] "DELETE /comments/post/8 HTTP/1.1" 200 3
::1 - - [26/Dec/2023:15:54:54 +0300] "DELETE /profile HTTP/1.1" 200 12
::1 - - [26/Dec/2023:15:54:54 +0300] "POST /profile HTTP/1.1" 200 26
::1 - - [26/Dec/2023:15:54:54 +0300] "DELETE /profile HTTP/1.1" 200 12
::1 - - [26/Dec/2023:15:54:54 +0300] "GET /profile HTTP/1.1" 200 12
::1 - - [26/Dec/2023:15:54:54 +0300] "DELETE /profile HTTP/1.1" 200 12
::1 - - [26/Dec/2023:15:54:54 +0300] "POST /profile HTTP/1.1" 200 25
::1 - - [26/Dec/2023:15:54:54 +0300] "PUT /profile HTTP/1.1" 200 25
::1 - - [26/Dec/2023:15:54:54 +0300] "DELETE /profile HTTP/1.1" 200 12
::1 - - [26/Dec/2023:15:54:54 +0300] "DELETE /profile HTTP/1.1" 200 12
::1 - - [26/Dec/2023:15:54:54 +0300] "DELETE /profile HTTP/1.1" 200 12
::1 - - [26/Dec/2023:15:54:54 +0300] "POST /posts HTTP/1.1" 200 43
::1 - - [26/Dec/2023:15:54:54 +0300] "POST /posts HTTP/1.1" 200 46
::1 - - [26/Dec/2023:15:54:54 +0300] "POST /posts HTTP/1.1" 200 45
::1 - - [26/Dec/2023:15:54:54 +0300] "POST /posts HTTP/1.1" 200 46
::1 - - [26/Dec/2023:15:54:54 +0300] "POST /posts HTTP/1.1" 200 47
::1 - - [26/Dec/2023:15:54:54 +0300] "DELETE /profile HTTP/1.1" 200 12
::1 - - [26/Dec/2023:15:54:54 +0300] "POST /comments HTTP/1.1" 200 223
::1 - - [26/Dec/2023:15:54:54 +0300] "POST /comments HTTP/1.1" 200 175
::1 - - [26/Dec/2023:15:54:54 +0300] "POST /comments HTTP/1.1" 200 166
::1 - - [26/Dec/2023:15:54:54 +0300] "POST /comments HTTP/1.1" 200 107
::1 - - [26/Dec/2023:15:54:54 +0300] "POST /comments HTTP/1.1" 200 213
::1 - - [26/Dec/2023:15:54:54 +0300] "DELETE /profile HTTP/1.1" 200 12
::1 - - [26/Dec/2023:15:54:54 +0300] "POST /profile HTTP/1.1" 200 23
::1 - - [26/Dec/2023:15:54:54 +0300] "POST /profile HTTP/1.1" 200 23
::1 - - [26/Dec/2023:15:54:54 +0300] "POST /profile HTTP/1.1" 200 26
::1 - - [26/Dec/2023:15:54:54 +0300] "POST /profile HTTP/1.1" 200 24
::1 - - [26/Dec/2023:15:54:54 +0300] "POST /profile HTTP/1.1" 200 27
::1 - - [26/Dec/2023:15:54:54 +0300] "DELETE /profile HTTP/1.1" 200 12
::1 - - [26/Dec/2023:15:54:54 +0300] "POST /posts HTTP/1.1" 200 46
::1 - - [26/Dec/2023:15:54:54 +0300] "POST /comments HTTP/1.1" 200 197
::1 - - [26/Dec/2023:15:54:54 +0300] "DELETE /profile HTTP/1.1" 200 12
::1 - - [26/Dec/2023:15:54:54 +0300] "POST /comments HTTP/1.1" 200 191
::1 - - [26/Dec/2023:15:54:54 +0300] "GET /comments/9 HTTP/1.1" 200 191
::1 - - [26/Dec/2023:15:54:54 +0300] "DELETE /comments/9 HTTP/1.1" 200 1522
::1 - - [26/Dec/2023:15:54:54 +0300] "GET /comments/9 HTTP/1.1" 200 30
::1 - - [26/Dec/2023:15:55:24 +0300] "POST /profile HTTP/1.1" 200 22
2023/12/26 15:56:52 Shutting down the server...
2023/12/26 15:56:52 Server has been shut down.
2023/12/26 15:56:54 Server is running on :5050
::1 - - [26/Dec/2023:15:57:06 +0300] "POST /profile HTTP/1.1" 200 22
::1 - - [26/Dec/2023:15:58:41 +0300] "POST /posts HTTP/1.1" 200 47
::1 - - [26/Dec/2023:15:58:41 +0300] "DELETE /profile HTTP/1.1" 200 12
::1 - - [26/Dec/2023:15:58:41 +0300] "GET /posts HTTP/1.1" 200 49
::1 - - [26/Dec/2023:15:58:41 +0300] "DELETE /profile HTTP/1.1" 200 12
::1 - - [26/Dec/2023:15:58:41 +0300] "POST /posts HTTP/1.1" 200 44
::1 - - [26/Dec/2023:15:58:41 +0300] "PUT /posts/2 HTTP/1.1" 200 46
::1 - - [26/Dec/2023:15:58:41 +0300] "DELETE /profile HTTP/1.1" 200 12
::1 - - [26/Dec/2023:15:58:41 +0300] "POST /posts HTTP/1.1" 200 47
::1 - - [26/Dec/2023:15:58:41 +0300] "DELETE /posts/3 HTTP/1.1" 200 95
::1 - - [26/Dec/2023:15:58:41 +0300] "DELETE /profile HTTP/1.1" 200 12
::1 - - [26/Dec/2023:15:58:41 +0300] "POST /comments HTTP/1.1" 200 229
::1 - - [26/Dec/2023:15:58:41 +0300] "DELETE /profile HTTP/1.1" 200 12
::1 - - [26/Dec/2023:15:58:41 +0300] "GET /comments HTTP/1.1" 200 231
::1 - - [26/Dec/2023:15:58:41 +0300] "DELETE /profile HTTP/1.1" 200 12
::1 - - [26/Dec/2023:15:58:41 +0300] "POST /comments HTTP/1.1" 200 183
::1 - - [26/Dec/2023:15:58:41 +0300] "PUT /comments/2 HTTP/1.1" 200 231
::1 - - [26/Dec/2023:15:58:41 +0300] "DELETE /profile HTTP/1.1" 200 12
::1 - - [26/Dec/2023:15:58:41 +0300] "POST /comments HTTP/1.1" 200 137
::1 - - [26/Dec/2023:15:58:41 +0300] "DELETE /comments/3 HTTP/1.1" 200 462
::1 - - [26/Dec/2023:15:58:41 +0300] "DELETE /profile HTTP/1.1" 200 12
::1 - - [26/Dec/2023:15:58:41 +0300] "GET /posts/author/pgilmore HTTP/1.1" 200 3
::1 - - [26/Dec/2023:15:58:41 +0300] "DELETE /profile HTTP/1.1" 200 12
::1 - - [26/Dec/2023:15:58:41 +0300] "GET /posts/92/comments HTTP/1.1" 200 3
::1 - - [26/Dec/2023:15:58:41 +0300] "DELETE /profile HTTP/1.1" 200 12
::1 - - [26/Dec/2023:15:58:41 +0300] "DELETE /comments/post/61 HTTP/1.1" 200 3
::1 - - [26/Dec/2023:15:58:41 +0300] "DELETE /profile HTTP/1.1" 200 12
::1 - - [26/Dec/2023:15:58:41 +0300] "POST /profile HTTP/1.1" 200 24
::1 - - [26/Dec/2023:15:58:41 +0300] "DELETE /profile HTTP/1.1" 200 12
::1 - - [26/Dec/2023:15:58:41 +0300] "GET /profile HTTP/1.1" 200 12
::1 - - [26/Dec/2023:15:58:41 +0300] "DELETE /profile HTTP/1.1" 200 12
::1 - - [26/Dec/2023:15:58:41 +0300] "POST /profile HTTP/1.1" 200 26
::1 - - [26/Dec/2023:15:58:41 +0300] "PUT /profile HTTP/1.1" 200 31
::1 - - [26/Dec/2023:15:58:41 +0300] "DELETE /profile HTTP/1.1" 200 12
::1 - - [26/Dec/2023:15:58:41 +0300] "DELETE /profile HTTP/1.1" 200 12
::1 - - [26/Dec/2023:15:58:41 +0300] "DELETE /profile HTTP/1.1" 200 12
::1 - - [26/Dec/2023:15:58:41 +0300] "POST /posts HTTP/1.1" 200 49
::1 - - [26/Dec/2023:15:58:41 +0300] "POST /posts HTTP/1.1" 200 45
::1 - - [26/Dec/2023:15:58:41 +0300] "POST /posts HTTP/1.1" 200 44
::1 - - [26/Dec/2023:15:58:41 +0300] "POST /posts HTTP/1.1" 200 47
::1 - - [26/Dec/2023:15:58:41 +0300] "POST /posts HTTP/1.1" 200 50
::1 - - [26/Dec/2023:15:58:41 +0300] "DELETE /profile HTTP/1.1" 200 12
::1 - - [26/Dec/2023:15:58:41 +0300] "POST /comments HTTP/1.1" 200 219
::1 - - [26/Dec/2023:15:58:41 +0300] "POST /comments HTTP/1.1" 200 213
::1 - - [26/Dec/2023:15:58:41 +0300] "POST /comments HTTP/1.1" 200 183
::1 - - [26/Dec/2023:15:58:41 +0300] "POST /comments HTTP/1.1" 200 197
::1 - - [26/Dec/2023:15:58:41 +0300] "POST /comments HTTP/1.1" 200 223
::1 - - [26/Dec/2023:15:58:41 +0300] "DELETE /profile HTTP/1.1" 200 12
::1 - - [26/Dec/2023:15:58:41 +0300] "POST /profile HTTP/1.1" 200 27
::1 - - [26/Dec/2023:15:58:41 +0300] "POST /profile HTTP/1.1" 200 24
::1 - - [26/Dec/2023:15:58:41 +0300] "POST /profile HTTP/1.1" 200 27
::1 - - [26/Dec/2023:15:58:41 +0300] "POST /profile HTTP/1.1" 200 21
::1 - - [26/Dec/2023:15:58:41 +0300] "POST /profile HTTP/1.1" 200 29
::1 - - [26/Dec/2023:15:58:41 +0300] "DELETE /profile HTTP/1.1" 200 12
::1 - - [26/Dec/2023:15:58:41 +0300] "POST /posts HTTP/1.1" 200 44
::1 - - [26/Dec/2023:15:58:41 +0300] "POST /comments HTTP/1.1" 200 210
::1 - - [26/Dec/2023:15:58:41 +0300] "DELETE /profile HTTP/1.1" 200 12
::1 - - [26/Dec/2023:15:58:41 +0300] "POST /comments HTTP/1.1" 200 216
::1 - - [26/Dec/2023:15:58:41 +0300] "GET /comments/9 HTTP/1.1" 200 216
::1 - - [26/Dec/2023:15:58:41 +0300] "DELETE /comments/9 HTTP/1.1" 200 1707
::1 - - [26/Dec/2023:15:58:41 +0300] "GET /comments/9 HTTP/1.1" 200 30
2023/12/26 16:00:56 Shutting down the server...
2023/12/26 16:00:56 Server has been shut down.
2023/12/26 16:02:13 Server is running on :5050
::1 - - [26/Dec/2023:16:02:19 +0300] "POST /posts HTTP/1.1" 200 48
::1 - - [26/Dec/2023:16:02:19 +0300] "DELETE /profile HTTP/1.1" 200 12
::1 - - [26/Dec/2023:16:02:19 +0300] "GET /posts HTTP/1.1" 200 50
::1 - - [26/Dec/2023:16:02:19 +0300] "DELETE /profile HTTP/1.1" 200 12
::1 - - [26/Dec/2023:16:02:19 +0300] "POST /posts HTTP/1.1" 200 43
::1 - - [26/Dec/2023:16:02:19 +0300] "PUT /posts/2 HTTP/1.1" 200 39
::1 - - [26/Dec/2023:16:02:19 +0300] "DELETE /profile HTTP/1.1" 200 12
::1 - - [26/Dec/2023:16:02:19 +0300] "POST /posts HTTP/1.1" 200 53
::1 - - [26/Dec/2023:16:02:19 +0300] "DELETE /posts/3 HTTP/1.1" 200 89
::1 - - [26/Dec/2023:16:02:19 +0300] "DELETE /profile HTTP/1.1" 200 12
::1 - - [26/Dec/2023:16:02:19 +0300] "POST /comments HTTP/1.1" 200 196
::1 - - [26/Dec/2023:16:02:19 +0300] "DELETE /profile HTTP/1.1" 200 12
::1 - - [26/Dec/2023:16:02:19 +0300] "GET /comments HTTP/1.1" 200 198
::1 - - [26/Dec/2023:16:02:19 +0300] "DELETE /profile HTTP/1.1" 200 12
::1 - - [26/Dec/2023:16:02:19 +0300] "POST /comments HTTP/1.1" 200 92
::1 - - [26/Dec/2023:16:02:19 +0300] "PUT /comments/2 HTTP/1.1" 200 174
::1 - - [26/Dec/2023:16:02:19 +0300] "DELETE /profile HTTP/1.1" 200 12
::1 - - [26/Dec/2023:16:02:19 +0300] "POST /comments HTTP/1.1" 200 222
::1 - - [26/Dec/2023:16:02:19 +0300] "DELETE /comments/3 HTTP/1.1" 200 372
::1 - - [26/Dec/2023:16:02:19 +0300] "DELETE /profile HTTP/1.1" 200 12
::1 - - [26/Dec/2023:16:02:19 +0300] "GET /posts/author/jmorris HTTP/1.1" 200 3
::1 - - [26/Dec/2023:16:02:19 +0300] "DELETE /profile HTTP/1.1" 200 12
::1 - - [26/Dec/2023:16:02:19 +0300] "GET /posts/83/comments HTTP/1.1" 200 3
::1 - - [26/Dec/2023:16:02:19 +0300] "DELETE /profile HTTP/1.1" 200 12
::1 - - [26/Dec/2023:16:02:19 +0300] "DELETE /comments/post/20 HTTP/1.1" 200 3
::1 - - [26/Dec/2023:16:02:19 +0300] "DELETE /profile HTTP/1.1" 200 12
::1 - - [26/Dec/2023:16:02:19 +0300] "POST /profile HTTP/1.1" 200 24
::1 - - [26/Dec/2023:16:02:19 +0300] "DELETE /profile HTTP/1.1" 200 12
::1 - - [26/Dec/2023:16:02:19 +0300] "GET /profile HTTP/1.1" 200 12
::1 - - [26/Dec/2023:16:02:19 +0300] "DELETE /profile HTTP/1.1" 200 12
::1 - - [26/Dec/2023:16:02:19 +0300] "POST /profile HTTP/1.1" 200 25
::1 - - [26/Dec/2023:16:02:19 +0300] "PUT /profile HTTP/1.1" 200 23
::1 - - [26/Dec/2023:16:02:19 +0300] "DELETE /profile HTTP/1.1" 200 12
::1 - - [26/Dec/2023:16:02:19 +0300] "DELETE /profile HTTP/1.1" 200 12
::1 - - [26/Dec/2023:16:02:19 +0300] "DELETE /profile HTTP/1.1" 200 12
::1 - - [26/Dec/2023:16:02:19 +0300] "POST /posts HTTP/1.1" 200 49
::1 - - [26/Dec/2023:16:02:19 +0300] "POST /posts HTTP/1.1" 200 48
::1 - - [26/Dec/2023:16:02:19 +0300] "POST /posts HTTP/1.1" 200 49
::1 - - [26/Dec/2023:16:02:19 +0300] "POST /posts HTTP/1.1" 200 44
::1 - - [26/Dec/2023:16:02:19 +0300] "POST /posts HTTP/1.1" 200 46
::1 - - [26/Dec/2023:16:02:19 +0300] "DELETE /profile HTTP/1.1" 200 12
::1 - - [26/Dec/2023:16:02:19 +0300] "POST /comments HTTP/1.1" 200 148
::1 - - [26/Dec/2023:16:02:19 +0300] "POST /comments HTTP/1.1" 200 154
::1 - - [26/Dec/2023:16:02:19 +0300] "POST /comments HTTP/1.1" 200 211
::1 - - [26/Dec/2023:16:02:19 +0300] "POST /comments HTTP/1.1" 200 206
::1 - - [26/Dec/2023:16:02:19 +0300] "POST /comments HTTP/1.1" 200 192
::1 - - [26/Dec/2023:16:02:19 +0300] "DELETE /profile HTTP/1.1" 200 12
::1 - - [26/Dec/2023:16:02:19 +0300] "POST /profile HTTP/1.1" 200 24
::1 - - [26/Dec/2023:16:02:19 +0300] "POST /profile HTTP/1.1" 200 25
::1 - - [26/Dec/2023:16:02:19 +0300] "POST /profile HTTP/1.1" 200 27
::1 - - [26/Dec/2023:16:02:19 +0300] "POST /profile HTTP/1.1" 200 25
::1 - - [26/Dec/2023:16:02:19 +0300] "POST /profile HTTP/1.1" 200 24
::1 - - [26/Dec/2023:16:02:19 +0300] "DELETE /profile HTTP/1.1" 200 12
::1 - - [26/Dec/2023:16:02:19 +0300] "POST /posts HTTP/1.1" 200 53
::1 - - [26/Dec/2023:16:02:19 +0300] "POST /comments HTTP/1.1" 200 155
::1 - - [26/Dec/2023:16:02:19 +0300] "DELETE /profile HTTP/1.1" 200 12
::1 - - [26/Dec/2023:16:02:19 +0300] "POST /comments HTTP/1.1" 200 125
::1 - - [26/Dec/2023:16:02:19 +0300] "GET /comments/9 HTTP/1.1" 200 125
::1 - - [26/Dec/2023:16:02:19 +0300] "DELETE /comments/9 HTTP/1.1" 200 1438
::1 - - [26/Dec/2023:16:02:19 +0300] "GET /comments/9 HTTP/1.1" 200 30
